app/build/intermediates/manifest_merge_blame_file/release/processReleaseMainManifest/manifest-merger-blame-release-report.txt
1<?xml version="1.0" encoding="utf-8"?>
2<manifest xmlns:android="http://schemas.android.com/apk/res/android"
3    package="com.tencent.scrfdncnn"
4    android:versionCode="1"
5    android:versionName="1.1" >
6
7    <uses-sdk
7-->INJECTED
8        android:minSdkVersion="24"
8-->INJECTED
9        android:targetSdkVersion="35" />
9-->INJECTED
10
11    <uses-permission android:name="android.permission.CAMERA" />
11-->src\main\AndroidManifest.xml:5:5-65
11-->src\main\AndroidManifest.xml:5:22-62
12
13    <uses-feature android:name="android.hardware.camera2.full" />
13-->src\main\AndroidManifest.xml:6:5-66
13-->src\main\AndroidManifest.xml:6:19-63
14    <uses-feature
14-->src\main\AndroidManifest.xml:7:5-85
15        android:name="android.hardware.camera"
15-->src\main\AndroidManifest.xml:7:19-57
16        android:required="false" />
16-->src\main\AndroidManifest.xml:7:58-82
17
18    <permission
18-->[androidx.core:core:1.12.0] AndroidManifest.xml:22:5-24:47
19        android:name="com.tencent.scrfdncnn.DYNAMIC_RECEIVER_NOT_EXPORTED_PERMISSION"
19-->[androidx.core:core:1.12.0] AndroidManifest.xml:23:9-81
20        android:protectionLevel="signature" />
20-->[androidx.core:core:1.12.0] AndroidManifest.xml:24:9-44
21
22    <uses-permission android:name="com.tencent.scrfdncnn.DYNAMIC_RECEIVER_NOT_EXPORTED_PERMISSION" />
22-->[androidx.core:core:1.12.0] AndroidManifest.xml:26:5-97
22-->[androidx.core:core:1.12.0] AndroidManifest.xml:26:22-94
23
24    <application
24-->src\main\AndroidManifest.xml:9:5-16:19
25        android:appComponentFactory="androidx.core.app.CoreComponentFactory"
25-->[androidx.core:core:1.12.0] AndroidManifest.xml:28:18-86
26        android:extractNativeLibs="true"
26-->INJECTED
27        android:label="@string/app_name" >
27-->src\main\AndroidManifest.xml:9:18-50
28        <activity
28-->src\main\AndroidManifest.xml:10:9-15:20
29            android:name="com.tencent.scrfdncnn.MainActivity"
29-->src\main\AndroidManifest.xml:10:19-46
30            android:exported="true"
30-->src\main\AndroidManifest.xml:10:80-103
31            android:label="@string/app_name" >
31-->src\main\AndroidManifest.xml:10:47-79
32            <intent-filter>
32-->src\main\AndroidManifest.xml:11:13-14:29
33                <action android:name="android.intent.action.MAIN" />
33-->src\main\AndroidManifest.xml:12:17-69
33-->src\main\AndroidManifest.xml:12:25-66
34
35                <category android:name="android.intent.category.LAUNCHER" />
35-->src\main\AndroidManifest.xml:13:17-77
35-->src\main\AndroidManifest.xml:13:27-74
36            </intent-filter>
37        </activity>
38    </application>
39
40</manifest>